18-Apr-2022 05:45:58.556 INFO [http-nio-8080-exec-10] org.apache.coyote.http11.Http11Processor.service Error parsing HTTP request header
 Note: further occurrences of HTTP request parsing errors will be logged at DEBUG level.
	java.lang.IllegalArgumentException: Invalid character found in method name [0x010x000x000x00...]. HTTP method names must be tokens
		at org.apache.coyote.http11.Http11InputBuffer.parseRequestLine(Http11InputBuffer.java:434)
		at org.apache.coyote.http11.Http11Processor.service(Http11Processor.java:513)
		at org.apache.coyote.AbstractProcessorLight.process(AbstractProcessorLight.java:65)
		at org.apache.coyote.AbstractProtocol$ConnectionHandler.process(AbstractProtocol.java:882)
		at org.apache.tomcat.util.net.NioEndpoint$SocketProcessor.doRun(NioEndpoint.java:1647)
		at org.apache.tomcat.util.net.SocketProcessorBase.run(SocketProcessorBase.java:49)
		at org.apache.tomcat.util.threads.ThreadPoolExecutor.runWorker(ThreadPoolExecutor.java:1191)
		at org.apache.tomcat.util.threads.ThreadPoolExecutor$Worker.run(ThreadPoolExecutor.java:659)
		at org.apache.tomcat.util.threads.TaskThread$WrappingRunnable.run(TaskThread.java:61)
		at java.lang.Thread.run(Thread.java:750)
18-Apr-2022 12:18:12.765 INFO [main] org.apache.catalina.startup.VersionLoggerListener.log Server version name:   Apache Tomcat/8.5.78
18-Apr-2022 12:18:13.084 INFO [main] org.apache.catalina.startup.VersionLoggerListener.log Server built:          Mar 31 2022 16:05:28 UTC
18-Apr-2022 12:18:13.085 INFO [main] org.apache.catalina.startup.VersionLoggerListener.log Server version number: 8.5.78.0
18-Apr-2022 12:18:13.085 INFO [main] org.apache.catalina.startup.VersionLoggerListener.log OS Name:               Linux
18-Apr-2022 12:18:13.085 INFO [main] org.apache.catalina.startup.VersionLoggerListener.log OS Version:            4.18.0-305.el8.x86_64
18-Apr-2022 12:18:13.085 INFO [main] org.apache.catalina.startup.VersionLoggerListener.log Architecture:          amd64
18-Apr-2022 12:18:13.085 INFO [main] org.apache.catalina.startup.VersionLoggerListener.log Java Home:             /usr/lib/jvm/java-1.8.0-openjdk-1.8.0.322.b06-2.el8_5.x86_64/jre
18-Apr-2022 12:18:13.085 INFO [main] org.apache.catalina.startup.VersionLoggerListener.log JVM Version:           1.8.0_322-b06
18-Apr-2022 12:18:13.085 INFO [main] org.apache.catalina.startup.VersionLoggerListener.log JVM Vendor:            Red Hat, Inc.
18-Apr-2022 12:18:13.085 INFO [main] org.apache.catalina.startup.VersionLoggerListener.log CATALINA_BASE:         /home/ec2-user/tomcat/apache-tomcat-8.5.78
18-Apr-2022 12:18:13.085 INFO [main] org.apache.catalina.startup.VersionLoggerListener.log CATALINA_HOME:         /home/ec2-user/tomcat/apache-tomcat-8.5.78
18-Apr-2022 12:18:13.086 INFO [main] org.apache.catalina.startup.VersionLoggerListener.log Command line argument: -Djava.util.logging.config.file=/home/ec2-user/tomcat/apache-tomcat-8.5.78/conf/logging.properties
18-Apr-2022 12:18:13.086 INFO [main] org.apache.catalina.startup.VersionLoggerListener.log Command line argument: -Djava.util.logging.manager=org.apache.juli.ClassLoaderLogManager
18-Apr-2022 12:18:13.086 INFO [main] org.apache.catalina.startup.VersionLoggerListener.log Command line argument: -Djdk.tls.ephemeralDHKeySize=2048
18-Apr-2022 12:18:13.086 INFO [main] org.apache.catalina.startup.VersionLoggerListener.log Command line argument: -Djava.protocol.handler.pkgs=org.apache.catalina.webresources
18-Apr-2022 12:18:13.086 INFO [main] org.apache.catalina.startup.VersionLoggerListener.log Command line argument: -Dorg.apache.catalina.security.SecurityListener.UMASK=0027
18-Apr-2022 12:18:13.086 INFO [main] org.apache.catalina.startup.VersionLoggerListener.log Command line argument: -Dignore.endorsed.dirs=
18-Apr-2022 12:18:13.086 INFO [main] org.apache.catalina.startup.VersionLoggerListener.log Command line argument: -Dcatalina.base=/home/ec2-user/tomcat/apache-tomcat-8.5.78
18-Apr-2022 12:18:13.086 INFO [main] org.apache.catalina.startup.VersionLoggerListener.log Command line argument: -Dcatalina.home=/home/ec2-user/tomcat/apache-tomcat-8.5.78
18-Apr-2022 12:18:13.086 INFO [main] org.apache.catalina.startup.VersionLoggerListener.log Command line argument: -Djava.io.tmpdir=/home/ec2-user/tomcat/apache-tomcat-8.5.78/temp
18-Apr-2022 12:18:13.086 INFO [main] org.apache.catalina.core.AprLifecycleListener.lifecycleEvent The Apache Tomcat Native library which allows using OpenSSL was not found on the java.library.path: [/usr/java/packages/lib/amd64:/usr/lib64:/lib64:/lib:/usr/lib]
18-Apr-2022 12:18:16.973 INFO [main] org.apache.coyote.AbstractProtocol.init Initializing ProtocolHandler ["http-nio-8080"]
18-Apr-2022 12:18:17.494 SEVERE [main] org.apache.catalina.core.StandardService.initInternal Failed to initialize connector [Connector[HTTP/1.1-8080]]
	org.apache.catalina.LifecycleException: Protocol handler initialization failed
		at org.apache.catalina.connector.Connector.initInternal(Connector.java:1114)
		at org.apache.catalina.util.LifecycleBase.init(LifecycleBase.java:136)
		at org.apache.catalina.core.StandardService.initInternal(StandardService.java:571)
		at org.apache.catalina.util.LifecycleBase.init(LifecycleBase.java:136)
		at org.apache.catalina.core.StandardServer.initInternal(StandardServer.java:874)
		at org.apache.catalina.util.LifecycleBase.init(LifecycleBase.java:136)
		at org.apache.catalina.startup.Catalina.load(Catalina.java:646)
		at org.apache.catalina.startup.Catalina.load(Catalina.java:669)
		at sun.reflect.NativeMethodAccessorImpl.invoke0(Native Method)
		at sun.reflect.NativeMethodAccessorImpl.invoke(NativeMethodAccessorImpl.java:62)
		at sun.reflect.DelegatingMethodAccessorImpl.invoke(DelegatingMethodAccessorImpl.java:43)
		at java.lang.reflect.Method.invoke(Method.java:498)
		at org.apache.catalina.startup.Bootstrap.load(Bootstrap.java:305)
		at org.apache.catalina.startup.Bootstrap.main(Bootstrap.java:475)
	Caused by: java.net.BindException: Address already in use
		at sun.nio.ch.Net.bind0(Native Method)
		at sun.nio.ch.Net.bind(Net.java:461)
		at sun.nio.ch.Net.bind(Net.java:453)
		at sun.nio.ch.ServerSocketChannelImpl.bind(ServerSocketChannelImpl.java:222)
		at sun.nio.ch.ServerSocketAdaptor.bind(ServerSocketAdaptor.java:85)
		at org.apache.tomcat.util.net.NioEndpoint.initServerSocket(NioEndpoint.java:224)
		at org.apache.tomcat.util.net.NioEndpoint.bind(NioEndpoint.java:200)
		at org.apache.tomcat.util.net.AbstractEndpoint.bindWithCleanup(AbstractEndpoint.java:1221)
		at org.apache.tomcat.util.net.AbstractEndpoint.init(AbstractEndpoint.java:1234)
		at org.apache.tomcat.util.net.AbstractJsseEndpoint.init(AbstractJsseEndpoint.java:230)
		at org.apache.coyote.AbstractProtocol.init(AbstractProtocol.java:633)
		at org.apache.coyote.http11.AbstractHttp11Protocol.init(AbstractHttp11Protocol.java:80)
		at org.apache.catalina.connector.Connector.initInternal(Connector.java:1111)
		... 13 more
18-Apr-2022 12:18:17.612 INFO [main] org.apache.catalina.startup.Catalina.load Initialization processed in 30003 ms
18-Apr-2022 12:18:19.092 INFO [main] org.apache.catalina.core.StandardService.startInternal Starting service [Catalina]
18-Apr-2022 12:18:19.092 INFO [main] org.apache.catalina.core.StandardEngine.startInternal Starting Servlet engine: [Apache Tomcat/8.5.78]
18-Apr-2022 12:18:19.574 INFO [localhost-startStop-1] org.apache.catalina.startup.HostConfig.deployDirectory Deploying web application directory [/home/ec2-user/tomcat/apache-tomcat-8.5.78/webapps/ROOT]
18-Apr-2022 12:18:28.611 WARNING [localhost-startStop-1] org.apache.catalina.util.SessionIdGeneratorBase.createSecureRandom Creation of SecureRandom instance for session ID generation using [SHA1PRNG] took [200] milliseconds.
18-Apr-2022 12:18:29.173 INFO [localhost-startStop-1] org.apache.catalina.startup.HostConfig.deployDirectory Deployment of web application directory [/home/ec2-user/tomcat/apache-tomcat-8.5.78/webapps/ROOT] has finished in [9,599] ms
18-Apr-2022 12:18:29.211 INFO [localhost-startStop-1] org.apache.catalina.startup.HostConfig.deployDirectory Deploying web application directory [/home/ec2-user/tomcat/apache-tomcat-8.5.78/webapps/docs]
18-Apr-2022 12:18:29.732 INFO [localhost-startStop-1] org.apache.catalina.startup.HostConfig.deployDirectory Deployment of web application directory [/home/ec2-user/tomcat/apache-tomcat-8.5.78/webapps/docs] has finished in [404] ms
18-Apr-2022 12:18:29.732 INFO [localhost-startStop-1] org.apache.catalina.startup.HostConfig.deployDirectory Deploying web application directory [/home/ec2-user/tomcat/apache-tomcat-8.5.78/webapps/examples]
18-Apr-2022 12:18:41.994 INFO [localhost-startStop-1] org.apache.catalina.startup.HostConfig.deployDirectory Deployment of web application directory [/home/ec2-user/tomcat/apache-tomcat-8.5.78/webapps/examples] has finished in [12,261] ms
18-Apr-2022 12:18:41.994 INFO [localhost-startStop-1] org.apache.catalina.startup.HostConfig.deployDirectory Deploying web application directory [/home/ec2-user/tomcat/apache-tomcat-8.5.78/webapps/host-manager]
18-Apr-2022 12:18:43.233 INFO [localhost-startStop-1] org.apache.catalina.startup.HostConfig.deployDirectory Deployment of web application directory [/home/ec2-user/tomcat/apache-tomcat-8.5.78/webapps/host-manager] has finished in [1,163] ms
18-Apr-2022 12:18:43.234 INFO [localhost-startStop-1] org.apache.catalina.startup.HostConfig.deployDirectory Deploying web application directory [/home/ec2-user/tomcat/apache-tomcat-8.5.78/webapps/manager]
18-Apr-2022 12:18:44.278 INFO [localhost-startStop-1] org.apache.catalina.startup.HostConfig.deployDirectory Deployment of web application directory [/home/ec2-user/tomcat/apache-tomcat-8.5.78/webapps/manager] has finished in [1,044] ms
18-Apr-2022 12:18:44.520 INFO [main] org.apache.catalina.startup.Catalina.start Server startup in 26907 ms
18-Apr-2022 12:18:44.638 SEVERE [main] org.apache.catalina.core.StandardServer.await Failed to create server shutdown socket on address [localhost] and port [8005] (base port [8005] and offset [0])
	java.net.BindException: Address already in use (Bind failed)
		at java.net.PlainSocketImpl.socketBind(Native Method)
		at java.net.AbstractPlainSocketImpl.bind(AbstractPlainSocketImpl.java:387)
		at java.net.ServerSocket.bind(ServerSocket.java:390)
		at java.net.ServerSocket.<init>(ServerSocket.java:252)
		at org.apache.catalina.core.StandardServer.await(StandardServer.java:446)
		at org.apache.catalina.startup.Catalina.await(Catalina.java:783)
		at org.apache.catalina.startup.Catalina.start(Catalina.java:729)
		at sun.reflect.NativeMethodAccessorImpl.invoke0(Native Method)
		at sun.reflect.NativeMethodAccessorImpl.invoke(NativeMethodAccessorImpl.java:62)
		at sun.reflect.DelegatingMethodAccessorImpl.invoke(DelegatingMethodAccessorImpl.java:43)
		at java.lang.reflect.Method.invoke(Method.java:498)
		at org.apache.catalina.startup.Bootstrap.start(Bootstrap.java:345)
		at org.apache.catalina.startup.Bootstrap.main(Bootstrap.java:476)
18-Apr-2022 12:18:44.639 INFO [main] org.apache.coyote.AbstractProtocol.pause Pausing ProtocolHandler ["http-nio-8080"]
18-Apr-2022 12:18:44.639 INFO [main] org.apache.catalina.core.StandardService.stopInternal Stopping service [Catalina]
18-Apr-2022 12:18:45.443 INFO [main] org.apache.coyote.AbstractProtocol.stop Stopping ProtocolHandler ["http-nio-8080"]
18-Apr-2022 12:18:45.444 INFO [main] org.apache.coyote.AbstractProtocol.destroy Destroying ProtocolHandler ["http-nio-8080"]
18-Apr-2022 12:25:43.652 INFO [localhost-startStop-2] org.apache.catalina.startup.HostConfig.deployWAR Deploying web application archive [/home/ec2-user/tomcat/apache-tomcat-8.5.78/webapps/hello-world-war-1.0.0.war]
18-Apr-2022 12:25:44.256 INFO [localhost-startStop-2] org.apache.catalina.startup.HostConfig.deployWAR Deployment of web application archive [/home/ec2-user/tomcat/apache-tomcat-8.5.78/webapps/hello-world-war-1.0.0.war] has finished in [604] ms
